<?xml version="1.0" encoding="UTF-8"?>
<testng-results ignored="0" total="1" passed="1" failed="0" skipped="0">
  <reporter-output>
  </reporter-output>
  <suite started-at="2023-04-09T20:44:28 IST" name="Default suite" finished-at="2023-04-09T20:44:46 IST" duration-ms="18512">
    <groups>
    </groups>
    <test started-at="2023-04-09T20:44:28 IST" name="Default test" finished-at="2023-04-09T20:44:46 IST" duration-ms="18512">
      <class name="TestScripts.Test4">
        <test-method is-config="true" signature="classConfiger()[pri:0, instance:TestScripts.Test4@16a0ee18]" started-at="2023-04-09T20:44:28 IST" name="classConfiger" finished-at="2023-04-09T20:44:36 IST" duration-ms="8140" status="PASS">
          <reporter-output>
          </reporter-output>
        </test-method> <!-- classConfiger -->
        <test-method is-config="true" signature="methodConfiger()[pri:0, instance:TestScripts.Test4@16a0ee18]" started-at="2023-04-09T20:44:36 IST" name="methodConfiger" finished-at="2023-04-09T20:44:38 IST" duration-ms="1623" status="PASS">
          <reporter-output>
          </reporter-output>
        </test-method> <!-- methodConfiger -->
        <test-method signature="test4()[pri:0, instance:TestScripts.Test4@16a0ee18]" started-at="2023-04-09T20:44:38 IST" name="test4" finished-at="2023-04-09T20:44:46 IST" duration-ms="8293" status="PASS">
          <reporter-output>
          </reporter-output>
        </test-method> <!-- test4 -->
        <test-method is-config="true" signature="methodTearDown()[pri:0, instance:TestScripts.Test4@16a0ee18]" started-at="2023-04-09T20:44:46 IST" name="methodTearDown" finished-at="2023-04-09T20:44:46 IST" duration-ms="1" status="PASS">
          <reporter-output>
          </reporter-output>
        </test-method> <!-- methodTearDown -->
        <test-method is-config="true" signature="classTearDown()[pri:0, instance:TestScripts.Test4@16a0ee18]" started-at="2023-04-09T20:44:46 IST" name="classTearDown" finished-at="2023-04-09T20:44:46 IST" duration-ms="395" status="PASS">
          <reporter-output>
          </reporter-output>
        </test-method> <!-- classTearDown -->
      </class> <!-- TestScripts.Test4 -->
    </test> <!-- Default test -->
  </suite> <!-- Default suite -->
</testng-results>
